[debug] [2017-08-18T03:35:37.864Z] ----------------------------------------------------------------------
[debug] [2017-08-18T03:35:37.868Z] Command:       /Users/deast/.nvm/versions/node/v6.11.1/bin/node /Users/deast/Documents/oss/react-ssr-firebase-hosting/node_modules/.bin/firebase deploy
[debug] [2017-08-18T03:35:37.868Z] CLI Version:   3.9.2
[debug] [2017-08-18T03:35:37.868Z] Platform:      darwin
[debug] [2017-08-18T03:35:37.868Z] Node Version:  v6.11.1
[debug] [2017-08-18T03:35:37.870Z] Time:          Thu Aug 17 2017 21:35:37 GMT-0600 (MDT)
[debug] [2017-08-18T03:35:37.870Z] ----------------------------------------------------------------------
[debug] 
[debug] [2017-08-18T03:35:37.889Z] > command requires scopes: ["email","openid","https://www.googleapis.com/auth/cloudplatformprojects.readonly","https://www.googleapis.com/auth/firebase","https://www.googleapis.com/auth/cloud-platform"]
[debug] [2017-08-18T03:35:37.892Z] > authorizing via signed-in user
[debug] [2017-08-18T03:35:37.896Z] > refreshing access token with scopes: ["email","https://www.googleapis.com/auth/cloud-platform","https://www.googleapis.com/auth/cloudplatformprojects.readonly","https://www.googleapis.com/auth/firebase","openid"]
[debug] [2017-08-18T03:35:37.896Z] >>> HTTP REQUEST POST https://www.googleapis.com/oauth2/v3/token { refresh_token: '1/An8IyhBQTQjE-mXv2FGzJewkL9uqrPqMSXuvPv0QCeg',
  client_id: '563584335869-fgrhgmd47bqnekij5i8b5pr03ho849e6.apps.googleusercontent.com',
  client_secret: 'j9iVZfS8kkCEFUPaAeJV0sAi',
  grant_type: 'refresh_token',
  scope: 'email https://www.googleapis.com/auth/cloud-platform https://www.googleapis.com/auth/cloudplatformprojects.readonly https://www.googleapis.com/auth/firebase openid' } 
 Thu Aug 17 2017 21:35:37 GMT-0600 (MDT)
[debug] [2017-08-18T03:35:38.057Z] <<< HTTP RESPONSE 200
[debug] [2017-08-18T03:35:38.067Z] >>> HTTP REQUEST GET https://admin.firebase.com/v1/projects/ssr-react  
 Thu Aug 17 2017 21:35:38 GMT-0600 (MDT)
[debug] [2017-08-18T03:35:38.398Z] <<< HTTP RESPONSE 200
[debug] [2017-08-18T03:35:38.400Z] >>> HTTP REQUEST GET https://admin.firebase.com/v1/database/ssr-react/tokens  
 Thu Aug 17 2017 21:35:38 GMT-0600 (MDT)
[debug] [2017-08-18T03:35:38.931Z] <<< HTTP RESPONSE 200
[info] 
[info] === Deploying to 'ssr-react'...
[info] 
[info] i  deploying functions, hosting
[debug] [2017-08-18T03:35:39.283Z] > [functions] package.json contents: {
  "name": "functions",
  "version": "1.0.0",
  "main": "index.js",
  "license": "MIT",
  "dependencies": {
    "express": "^4.15.4",
    "firebase-admin": "^5.2.1",
    "firebase-functions": "^0.6.2",
    "react": "^15.6.1",
    "react-dom": "^15.6.1"
  }
}
[info] i  functions: ensuring necessary APIs are enabled...
[info] i  runtimeconfig: ensuring necessary APIs are enabled...
[debug] [2017-08-18T03:35:39.285Z] >>> HTTP REQUEST GET https://servicemanagement.googleapis.com/v1/services/cloudfunctions.googleapis.com/projectSettings/ssr-react?view=CONSUMER_VIEW  
 Thu Aug 17 2017 21:35:39 GMT-0600 (MDT)
[debug] [2017-08-18T03:35:39.286Z] >>> HTTP REQUEST GET https://servicemanagement.googleapis.com/v1/services/runtimeconfig.googleapis.com/projectSettings/ssr-react?view=CONSUMER_VIEW  
 Thu Aug 17 2017 21:35:39 GMT-0600 (MDT)
[debug] [2017-08-18T03:35:39.750Z] <<< HTTP RESPONSE 200
[info] ✔  runtimeconfig: all necessary APIs are enabled
[debug] [2017-08-18T03:35:39.800Z] <<< HTTP RESPONSE 200
[info] ✔  functions: all necessary APIs are enabled
[debug] [2017-08-18T03:35:39.801Z] >>> HTTP REQUEST GET https://appengine.googleapis.com/v1/apps/ssr-react  
 Thu Aug 17 2017 21:35:39 GMT-0600 (MDT)
[debug] [2017-08-18T03:35:39.802Z] >>> HTTP REQUEST GET https://apikeys.googleapis.com/v1/projects/ssr-react/apiKeys  
 Thu Aug 17 2017 21:35:39 GMT-0600 (MDT)
[debug] [2017-08-18T03:35:40.000Z] <<< HTTP RESPONSE 200
[debug] [2017-08-18T03:35:40.085Z] <<< HTTP RESPONSE 200
[info] i  functions: preparing functions directory for uploading...
[debug] [2017-08-18T03:35:42.546Z] >>> HTTP REQUEST GET https://runtimeconfig.googleapis.com/v1beta1/projects/ssr-react/configs  
 Thu Aug 17 2017 21:35:42 GMT-0600 (MDT)
[debug] [2017-08-18T03:35:43.305Z] <<< HTTP RESPONSE 200
[info] i  functions: packaged functions (4.08 KB) for uploading
[debug] [2017-08-18T03:35:45.805Z] >>> HTTP REQUEST GET https://www.googleapis.com/storage/v1/b/staging.ssr-react.appspot.com  
 Thu Aug 17 2017 21:35:45 GMT-0600 (MDT)
[debug] [2017-08-18T03:35:45.919Z] <<< HTTP RESPONSE 200
[debug] [2017-08-18T03:35:45.920Z] >>> HTTP REQUEST POST https://www.googleapis.com/upload/storage/v1/b/staging.ssr-react.appspot.com/o?uploadType=media&name=firebase-functions-source ReadStream {
  _readableState: 
   ReadableState {
     objectMode: false,
     highWaterMark: 65536,
     buffer: BufferList { head: [Object], tail: [Object], length: 1 },
     length: 4178,
     pipes: null,
     pipesCount: 0,
     flowing: null,
     ended: true,
     endEmitted: false,
     reading: false,
     sync: false,
     needReadable: false,
     emittedReadable: true,
     readableListening: false,
     resumeScheduled: false,
     defaultEncoding: 'utf8',
     ranOut: false,
     awaitDrain: 0,
     readingMore: false,
     decoder: null,
     encoding: null },
  readable: true,
  domain: null,
  _events: { end: [Function] },
  _eventsCount: 1,
  _maxListeners: undefined,
  path: '/var/folders/86/3mjn9l5x2zjfl783cctvvlth008m_l/T/firebase-functions-143173kZgSRM4Q4Ks.zip',
  fd: 19,
  flags: 'r',
  mode: 438,
  start: undefined,
  end: undefined,
  autoClose: true,
  pos: undefined,
  bytesRead: 4178 } 
 Thu Aug 17 2017 21:35:45 GMT-0600 (MDT)
[debug] [2017-08-18T03:35:46.335Z] <<< HTTP RESPONSE 200
[info] ✔  functions: functions folder uploaded successfully
[info] i  hosting: preparing public directory for upload...
[warn] ⚠  Warning: Public directory does not contain index.html
[debug] [2017-08-18T03:35:46.380Z] >>> HTTP REQUEST PUT https://deploy.firebase.com/v1/hosting/ssr-react/uploads/-KrnPHdLjWkOzl2l5PJG?fileCount=2&message=  
 Thu Aug 17 2017 21:35:46 GMT-0600 (MDT)
[debug] [2017-08-18T03:35:47.533Z] <<< HTTP RESPONSE 200
[debug] [2017-08-18T03:35:47.534Z] [hosting] .tgz uploaded successfully, waiting for extraction
[info] ✔  hosting: 2 files uploaded successfully
[info] i  starting release process (may take several minutes)...
[debug] [2017-08-18T03:36:05.565Z] >>> HTTP REQUEST GET https://cloudfunctions.googleapis.com/v1beta2/projects/ssr-react/locations/us-central1/functions  
 Thu Aug 17 2017 21:36:05 GMT-0600 (MDT)
[debug] [2017-08-18T03:36:05.748Z] <<< HTTP RESPONSE 200
[info] i  functions: updating function trigger...
[debug] [2017-08-18T03:36:05.755Z] Trigger is: 
[debug] [2017-08-18T03:36:05.755Z] >>> HTTP REQUEST PUT https://cloudfunctions.googleapis.com/v1beta2/projects/ssr-react/locations/us-central1/functions/trigger { sourceArchiveUrl: 'gs://staging.ssr-react.appspot.com/firebase-functions-source',
  name: 'projects/ssr-react/locations/us-central1/functions/trigger',
  entryPoint: 'trigger',
  timeout: '60s',
  availableMemoryMb: 256,
  httpsTrigger: {} } 
 Thu Aug 17 2017 21:36:05 GMT-0600 (MDT)
[debug] [2017-08-18T03:36:05.943Z] <<< HTTP RESPONSE 200
[debug] [2017-08-18T03:36:05.948Z] >>> HTTP REQUEST GET https://cloudfunctions.googleapis.com/v1beta2/projects/ssr-react/locations/us-central1/functions  
 Thu Aug 17 2017 21:36:05 GMT-0600 (MDT)
[debug] [2017-08-18T03:36:05.949Z] >>> HTTP REQUEST GET https://cloudfunctions.googleapis.com/v1beta2/operations/c3NyLXJlYWN0L3VzLWNlbnRyYWwxL3RyaWdnZXIvUXdXSGtTN1R1UWM  
 Thu Aug 17 2017 21:36:05 GMT-0600 (MDT)
[debug] [2017-08-18T03:36:06.076Z] <<< HTTP RESPONSE 200
[debug] [2017-08-18T03:36:06.077Z] [functions] operation poll: trigger: update operations/c3NyLXJlYWN0L3VzLWNlbnRyYWwxL3RyaWdnZXIvUXdXSGtTN1R1UWM is not done.
[debug] [2017-08-18T03:36:06.375Z] <<< HTTP RESPONSE 200
